1545891841506	mozrunner::runner	INFO	Running command: "/usr/bin/firefox" "-marionette" "-foreground" "-no-remote" "-profile" "/tmp/rust_mozprofile.zbI4saS11YkX"
1545891842400	addons.webextension.screenshots@mozilla.org	WARN	Loading extension 'screenshots@mozilla.org': Reading manifest: Invalid host permission: resource://pdf.js/
1545891842401	addons.webextension.screenshots@mozilla.org	WARN	Loading extension 'screenshots@mozilla.org': Reading manifest: Invalid host permission: about:reader*
1545891844321	Marionette	INFO	Listening on port 37677
1545891844425	Marionette	WARN	TLS certificate errors will be ignored for this session
[Parent 8175, Gecko_IOThread] WARNING: pipe error (106): 连接被对方重设: file /build/firefox-wWf_B4/firefox-64.0+build3/ipc/chromium/src/chrome/common/ipc_channel_posix.cc, line 363
1545891857463	Marionette	INFO	Stopped listening on port 37677
1545891866777	mozrunner::runner	INFO	Running command: "/usr/bin/firefox" "-marionette" "-foreground" "-no-remote" "-profile" "/tmp/rust_mozprofile.554bnPnIkHM8"
1545891867101	addons.webextension.screenshots@mozilla.org	WARN	Loading extension 'screenshots@mozilla.org': Reading manifest: Invalid host permission: resource://pdf.js/
1545891867102	addons.webextension.screenshots@mozilla.org	WARN	Loading extension 'screenshots@mozilla.org': Reading manifest: Invalid host permission: about:reader*
1545891868740	Marionette	INFO	Listening on port 32799
1545891868791	Marionette	WARN	TLS certificate errors will be ignored for this session

(/usr/lib/firefox/firefox:8636): dconf-WARNING **: 14:24:33.577: Unable to open /var/lib/snapd/desktop/dconf/profile/user: 权限不够
1545891918458	mozrunner::runner	INFO	Running command: "/usr/bin/firefox" "-marionette" "-foreground" "-no-remote" "-profile" "/tmp/rust_mozprofile.Y5ad20AD4M1O"
1545891918790	addons.webextension.screenshots@mozilla.org	WARN	Loading extension 'screenshots@mozilla.org': Reading manifest: Invalid host permission: resource://pdf.js/
1545891918790	addons.webextension.screenshots@mozilla.org	WARN	Loading extension 'screenshots@mozilla.org': Reading manifest: Invalid host permission: about:reader*
1545891920584	Marionette	INFO	Listening on port 39313
1545891920702	Marionette	WARN	TLS certificate errors will be ignored for this session

(/usr/lib/firefox/firefox:8951): dconf-WARNING **: 14:25:21.752: Unable to open /var/lib/snapd/desktop/dconf/profile/user: 权限不够
1545891923897	Marionette	INFO	Stopped listening on port 39313
console.error: BroadcastService: 
  receivedBroadcastMessage: handler for
  remote-settings/monitor_changes
  threw error:
  Message: Error: Polling for changes failed: NetworkError when attempting to fetch resource..
  Stack:
    remoteSettingsFunction/remoteSettings.pollChanges@resource://services-settings/remote-settings.js:750:13

[Parent 8465, Gecko_IOThread] WARNING: pipe error (79): 连接被对方重设: file /build/firefox-wWf_B4/firefox-64.0+build3/ipc/chromium/src/chrome/common/ipc_channel_posix.cc, line 363
[Parent 8465, Gecko_IOThread] WARNING: pipe error (93): 连接被对方重设: file /build/firefox-wWf_B4/firefox-64.0+build3/ipc/chromium/src/chrome/common/ipc_channel_posix.cc, line 363
1545905816236	Marionette	INFO	Stopped listening on port 32799
1545977683104	mozrunner::runner	INFO	Running command: "/usr/bin/firefox" "-marionette" "-foreground" "-no-remote" "-profile" "/tmp/rust_mozprofile.4DdvK4bwY84z"
1545977683591	addons.webextension.screenshots@mozilla.org	WARN	Loading extension 'screenshots@mozilla.org': Reading manifest: Invalid host permission: resource://pdf.js/
1545977683591	addons.webextension.screenshots@mozilla.org	WARN	Loading extension 'screenshots@mozilla.org': Reading manifest: Invalid host permission: about:reader*
1545977685279	Marionette	INFO	Listening on port 40575
1545977685319	Marionette	WARN	TLS certificate errors will be ignored for this session
[Parent 4772, Gecko_IOThread] WARNING: pipe error (79): 连接被对方重设: file /build/firefox-wWf_B4/firefox-64.0+build3/ipc/chromium/src/chrome/common/ipc_channel_posix.cc, line 363
[Parent 4772, Gecko_IOThread] WARNING: pipe error (80): 连接被对方重设: file /build/firefox-wWf_B4/firefox-64.0+build3/ipc/chromium/src/chrome/common/ipc_channel_posix.cc, line 363
1545977733264	Marionette	INFO	Stopped listening on port 40575
1545977759772	mozrunner::runner	INFO	Running command: "/usr/bin/firefox" "-marionette" "-foreground" "-no-remote" "-profile" "/tmp/rust_mozprofile.4Ne3RrnP8gl4"
1545977760175	addons.webextension.screenshots@mozilla.org	WARN	Loading extension 'screenshots@mozilla.org': Reading manifest: Invalid host permission: resource://pdf.js/
1545977760175	addons.webextension.screenshots@mozilla.org	WARN	Loading extension 'screenshots@mozilla.org': Reading manifest: Invalid host permission: about:reader*
1545977761860	Marionette	INFO	Listening on port 38269
1545977761880	Marionette	WARN	TLS certificate errors will be ignored for this session

###!!! [Child][RunMessage] Error: Channel closing: too late to send/recv, messages will be lost


###!!! [Child][RunMessage] Error: Channel closing: too late to send/recv, messages will be lost


###!!! [Child][RunMessage] Error: Channel closing: too late to send/recv, messages will be lost

[Parent 5110, Gecko_IOThread] WARNING: pipe error (96): 连接被对方重设: file /build/firefox-wWf_B4/firefox-64.0+build3/ipc/chromium/src/chrome/common/ipc_channel_posix.cc, line 363
1545977781084	Marionette	INFO	Stopped listening on port 38269
1545977866142	mozrunner::runner	INFO	Running command: "/usr/bin/firefox" "-marionette" "-foreground" "-no-remote" "-profile" "/tmp/rust_mozprofile.hEEdFl4sykqb"
1545977866464	addons.webextension.screenshots@mozilla.org	WARN	Loading extension 'screenshots@mozilla.org': Reading manifest: Invalid host permission: resource://pdf.js/
1545977866465	addons.webextension.screenshots@mozilla.org	WARN	Loading extension 'screenshots@mozilla.org': Reading manifest: Invalid host permission: about:reader*
1545977867934	Marionette	INFO	Listening on port 32845
1545977867953	Marionette	WARN	TLS certificate errors will be ignored for this session
JavaScript warning: http://gs.amac.org.cn/amac-infodisc/res/pof/manager/asset/js/jquery.min.js, line 1: Using //@ to indicate sourceMappingURL pragmas is deprecated. Use //# instead
JavaScript error: http://gs.amac.org.cn/amac-infodisc/res/pof/manager/www/js/echarts.js, line 8: NS_ERROR_FAILURE: 
[Parent 5489, Gecko_IOThread] WARNING: pipe error (79): 连接被对方重设: file /build/firefox-wWf_B4/firefox-64.0+build3/ipc/chromium/src/chrome/common/ipc_channel_posix.cc, line 363
[Parent 5489, Gecko_IOThread] WARNING: pipe error (100): 连接被对方重设: file /build/firefox-wWf_B4/firefox-64.0+build3/ipc/chromium/src/chrome/common/ipc_channel_posix.cc, line 363
1545977879862	Marionette	INFO	Stopped listening on port 32845
